<?xml version="1.0" encoding="UTF-8" standalone="no"?>
<testsuite errors="0" failures="1" name="io.cucumber.core.plugin.JUnitFormatter" skipped="0" tests="3" time="25.945">
    <testcase classname="Check computer module Functionality" name="Checking Functionality of top Left Computer Module" time="15.082">
        <system-out><![CDATA[Given User is on home page..................................................passed
And User click on computer module and click or add to cart product..........passed
When Verify product the product is added or not.............................passed
Then checkout the product...................................................passed
]]></system-out>
    </testcase>
    <testcase classname="Check computer module Functionality" name="Checking Functionality of Register Page" time="3.649">
        <system-out><![CDATA[Given user is on Register page..............................................passed
Then click on register button...............................................passed
]]></system-out>
    </testcase>
    <testcase classname="Check computer module Functionality" name="Checking Functionality of Apparel" time="6.874">
        <failure message="no such element: Unable to locate element: {&quot;method&quot;:&quot;xpath&quot;,&quot;selector&quot;:&quot;(//select[@class='valid'])&quot;}&#10;  (Session info: chrome=105.0.5195.127)&#10;For documentation on this error, please visit: https://selenium.dev/exceptions/#no_such_element&#10;Build info: version: '4.1.0', revision: '87802e897b'&#10;System info: host: 'MSDT110', ip: '10.20.20.80', os.name: 'Windows 10', os.arch: 'amd64', os.version: '10.0', java.version: '18.0.2'&#10;Driver info: org.openqa.selenium.chrome.ChromeDriver&#10;Command: [18d88ed2013dc3f63746aec7ef131d4d, findElement {using=xpath, value=(//select[@class='valid'])}]&#10;Capabilities {acceptInsecureCerts: false, browserName: chrome, browserVersion: 105.0.5195.127, chrome: {chromedriverVersion: 105.0.5195.52 (412c95e51883..., userDataDir: C:\Users\JASDEE~1\AppData\L...}, goog:chromeOptions: {debuggerAddress: localhost:65035}, javascriptEnabled: true, networkConnectionEnabled: false, pageLoadStrategy: normal, platform: WINDOWS, platformName: WINDOWS, proxy: Proxy(), se:cdp: ws://localhost:65035/devtoo..., se:cdpVersion: 105.0.5195.127, setWindowRect: true, strictFileInteractability: false, timeouts: {implicit: 0, pageLoad: 300000, script: 30000}, unhandledPromptBehavior: dismiss and notify, webauthn:extension:credBlob: true, webauthn:extension:largeBlob: true, webauthn:virtualAuthenticators: true}&#10;Session ID: 18d88ed2013dc3f63746aec7ef131d4d" type="org.openqa.selenium.NoSuchElementException"><![CDATA[Given item add in wishlist..................................................failed
Then verify product is added or not.........................................skipped

StackTrace:
org.openqa.selenium.NoSuchElementException: no such element: Unable to locate element: {"method":"xpath","selector":"(//select[@class='valid'])"}
  (Session info: chrome=105.0.5195.127)
For documentation on this error, please visit: https://selenium.dev/exceptions/#no_such_element
Build info: version: '4.1.0', revision: '87802e897b'
System info: host: 'MSDT110', ip: '10.20.20.80', os.name: 'Windows 10', os.arch: 'amd64', os.version: '10.0', java.version: '18.0.2'
Driver info: org.openqa.selenium.chrome.ChromeDriver
Command: [18d88ed2013dc3f63746aec7ef131d4d, findElement {using=xpath, value=(//select[@class='valid'])}]
Capabilities {acceptInsecureCerts: false, browserName: chrome, browserVersion: 105.0.5195.127, chrome: {chromedriverVersion: 105.0.5195.52 (412c95e51883..., userDataDir: C:\Users\JASDEE~1\AppData\L...}, goog:chromeOptions: {debuggerAddress: localhost:65035}, javascriptEnabled: true, networkConnectionEnabled: false, pageLoadStrategy: normal, platform: WINDOWS, platformName: WINDOWS, proxy: Proxy(), se:cdp: ws://localhost:65035/devtoo..., se:cdpVersion: 105.0.5195.127, setWindowRect: true, strictFileInteractability: false, timeouts: {implicit: 0, pageLoad: 300000, script: 30000}, unhandledPromptBehavior: dismiss and notify, webauthn:extension:credBlob: true, webauthn:extension:largeBlob: true, webauthn:virtualAuthenticators: true}
Session ID: 18d88ed2013dc3f63746aec7ef131d4d
	at java.base/jdk.internal.reflect.DirectConstructorHandleAccessor.newInstance(DirectConstructorHandleAccessor.java:67)
	at java.base/java.lang.reflect.Constructor.newInstanceWithCaller(Constructor.java:499)
	at java.base/java.lang.reflect.Constructor.newInstance(Constructor.java:483)
	at org.openqa.selenium.remote.codec.w3c.W3CHttpResponseCodec.createException(W3CHttpResponseCodec.java:200)
	at org.openqa.selenium.remote.codec.w3c.W3CHttpResponseCodec.decode(W3CHttpResponseCodec.java:133)
	at org.openqa.selenium.remote.codec.w3c.W3CHttpResponseCodec.decode(W3CHttpResponseCodec.java:53)
	at org.openqa.selenium.remote.HttpCommandExecutor.execute(HttpCommandExecutor.java:184)
	at org.openqa.selenium.remote.service.DriverCommandExecutor.invokeExecute(DriverCommandExecutor.java:164)
	at org.openqa.selenium.remote.service.DriverCommandExecutor.execute(DriverCommandExecutor.java:139)
	at org.openqa.selenium.remote.RemoteWebDriver.execute(RemoteWebDriver.java:559)
	at org.openqa.selenium.remote.ElementLocation$ElementFinder$2.findElement(ElementLocation.java:162)
	at org.openqa.selenium.remote.ElementLocation.findElement(ElementLocation.java:60)
	at org.openqa.selenium.remote.RemoteWebDriver.findElement(RemoteWebDriver.java:383)
	at org.openqa.selenium.remote.RemoteWebDriver.findElement(RemoteWebDriver.java:375)
	at Pages.Apparel.shoes(Apparel.java:34)
	at StepDefinition.StepDefinition.item_add_in_wishlist(StepDefinition.java:40)
	at âœ½.item add in wishlist(file:///C:/Users/JasdeepKaur/demoNopCommerce/src/test/java/FeatureFile/computer.feature:13)
]]></failure>
    </testcase>
</testsuite>
